<?xml version="1.0" encoding="UTF-8"?>
<!-- Generated by org.testng.reporters.JUnitReportReporter -->
<testsuite skipped="5" hostname="amw-g1" name="desktopapp.Calculator" tests="6" failures="0" timestamp="25 Jan 2018 05:24:04 GMT" time="0.654" errors="1">
  <testcase name="Subtraction" time="0.000" classname="desktopapp.Calculator">
    <skipped/>
  </testcase> <!-- Subtraction -->
  <testcase name="setup" time="0.654" classname="desktopapp.Calculator">
    <error type="java.lang.NoClassDefFoundError" message="org/openqa/selenium/remote/JsonException">
      <![CDATA[java.lang.NoClassDefFoundError: org/openqa/selenium/remote/JsonExceptionat io.appium.java_client.remote.AppiumCommandExecutor.doExecute(AppiumCommandExecutor.java:110)at io.appium.java_client.remote.AppiumCommandExecutor.execute(AppiumCommandExecutor.java:162)at org.openqa.selenium.remote.RemoteWebDriver.execute(RemoteWebDriver.java:601)at io.appium.java_client.DefaultGenericMobileDriver.execute(DefaultGenericMobileDriver.java:42)at io.appium.java_client.AppiumDriver.execute(AppiumDriver.java:1)at io.appium.java_client.windows.WindowsDriver.execute(WindowsDriver.java:1)at org.openqa.selenium.remote.RemoteWebDriver.startSession(RemoteWebDriver.java:219)at org.openqa.selenium.remote.RemoteWebDriver.<init>(RemoteWebDriver.java:142)at io.appium.java_client.DefaultGenericMobileDriver.<init>(DefaultGenericMobileDriver.java:38)at io.appium.java_client.AppiumDriver.<init>(AppiumDriver.java:88)at io.appium.java_client.AppiumDriver.<init>(AppiumDriver.java:112)at io.appium.java_client.windows.WindowsDriver.<init>(WindowsDriver.java:43)at desktopapp.Calculator.setup(Calculator.java:27)at sun.reflect.NativeMethodAccessorImpl.invoke0(Native Method)at sun.reflect.NativeMethodAccessorImpl.invoke(NativeMethodAccessorImpl.java:62)at sun.reflect.DelegatingMethodAccessorImpl.invoke(DelegatingMethodAccessorImpl.java:43)at java.lang.reflect.Method.invoke(Method.java:498)at org.testng.internal.MethodInvocationHelper.invokeMethod(MethodInvocationHelper.java:124)at org.testng.internal.MethodInvocationHelper.invokeMethodConsideringTimeout(MethodInvocationHelper.java:59)at org.testng.internal.Invoker.invokeConfigurationMethod(Invoker.java:451)at org.testng.internal.Invoker.invokeConfigurations(Invoker.java:222)at org.testng.internal.Invoker.invokeConfigurations(Invoker.java:142)at org.testng.internal.TestMethodWorker.invokeBeforeClassMethods(TestMethodWorker.java:163)at org.testng.internal.TestMethodWorker.run(TestMethodWorker.java:105)at org.testng.TestRunner.privateRun(TestRunner.java:648)at org.testng.TestRunner.run(TestRunner.java:505)at org.testng.SuiteRunner.runTest(SuiteRunner.java:455)at org.testng.SuiteRunner.runSequentially(SuiteRunner.java:450)at org.testng.SuiteRunner.privateRun(SuiteRunner.java:415)at org.testng.SuiteRunner.run(SuiteRunner.java:364)at org.testng.SuiteRunnerWorker.runSuite(SuiteRunnerWorker.java:52)at org.testng.SuiteRunnerWorker.run(SuiteRunnerWorker.java:84)at org.testng.TestNG.runSuitesSequentially(TestNG.java:1187)at org.testng.TestNG.runSuitesLocally(TestNG.java:1116)at org.testng.TestNG.runSuites(TestNG.java:1028)at org.testng.TestNG.run(TestNG.java:996)at org.testng.remote.AbstractRemoteTestNG.run(AbstractRemoteTestNG.java:114)at org.testng.remote.RemoteTestNG.initAndRun(RemoteTestNG.java:251)at org.testng.remote.RemoteTestNG.main(RemoteTestNG.java:77)Caused by: java.lang.ClassNotFoundException: org.openqa.selenium.remote.JsonExceptionat java.net.URLClassLoader.findClass(URLClassLoader.java:381)at java.lang.ClassLoader.loadClass(ClassLoader.java:424)at sun.misc.Launcher$AppClassLoader.loadClass(Launcher.java:335)at java.lang.ClassLoader.loadClass(ClassLoader.java:357)... 39 more]]>
    </error>
  </testcase> <!-- setup -->
  <testcase name="Multiplication" time="0.000" classname="desktopapp.Calculator">
    <skipped/>
  </testcase> <!-- Multiplication -->
  <testcase name="Combination" time="0.000" classname="desktopapp.Calculator">
    <skipped/>
  </testcase> <!-- Combination -->
  <testcase name="Addition" time="0.000" classname="desktopapp.Calculator">
    <skipped/>
  </testcase> <!-- Addition -->
  <testcase name="Division" time="0.000" classname="desktopapp.Calculator">
    <skipped/>
  </testcase> <!-- Division -->
</testsuite> <!-- desktopapp.Calculator -->
